<?xml version="1.0" encoding="UTF-8"?>
<!-- Generated by org.testng.reporters.JUnitXMLReporter -->
<testsuite ignored="0" hostname="MS" failures="0" tests="3" name="Test" time="12.928" errors="0" timestamp="2023-02-20T21:29:41 EST">
  <testcase classname="Page_Object_Model_DesignPattern.RegistrationPage_OperationsPage" name="datainput" time="1.546"/>
  <testcase classname="Mercury_Tour_Operation_Execution.Mercury_Operation_FDP" name="registertoMercury" time="1.575"/>
  <testcase classname="Mercury_Tour_Operation_Execution.Mercury_Operation_FDP" name="selectflights" time="2.033"/>
</testsuite> <!-- Test -->
