<?xml version="1.0" encoding="UTF-8"?>
<!-- Generated by org.testng.reporters.JUnitXMLReporter -->
<testsuite ignored="0" hostname="MS" failures="0" tests="2" name="Default test" time="8.28" errors="0" timestamp="2023-02-21T11:21:38 EST">
  <testcase classname="Mercury_Tour_Operation_Execution.Mercury_Operation_FDP" name="registertoMercury" time="1.768"/>
  <testcase classname="Mercury_Tour_Operation_Execution.Mercury_Operation_FDP" name="selectflights" time="2.504"/>
</testsuite> <!-- Default test -->
